{"/Users/mk/Dev_Env/hf-pl/src/components/Contact.jsx": {"path":"/Users/mk/Dev_Env/hf-pl/src/components/Contact.jsx","statementMap":{"0":{"start":{"line":7,"column":10},"end":{"line":7,"column":32}},"1":{"start":{"line":8,"column":17},"end":{"line":8,"column":45}},"2":{"start":{"line":10,"column":21},"end":{"line":18,"column":null}},"3":{"start":{"line":11,"column":4},"end":{"line":12,"column":null}},"4":{"start":{"line":12,"column":6},"end":{"line":12,"column":null}},"5":{"start":{"line":15,"column":4},"end":{"line":15,"column":null}},"6":{"start":{"line":16,"column":4},"end":{"line":16,"column":null}},"7":{"start":{"line":17,"column":4},"end":{"line":17,"column":null}},"8":{"start":{"line":18,"column":4},"end":{"line":18,"column":null}},"9":{"start":{"line":18,"column":28},"end":{"line":18,"column":44}},"10":{"start":{"line":21,"column":2},"end":{"line":63,"column":null}},"11":{"start":{"line":35,"column":14},"end":{"line":35,"column":95}},"12":{"start":{"line":53,"column":14},"end":{"line":58,"column":null}}},"fnMap":{"0":{"name":"Contact","decl":{"start":{"line":6,"column":16},"end":{"line":6,"column":26}},"loc":{"start":{"line":6,"column":26},"end":{"line":63,"column":null}},"line":6},"1":{"name":"(anonymous_1)","decl":{"start":{"line":10,"column":21},"end":{"line":10,"column":33}},"loc":{"start":{"line":10,"column":33},"end":{"line":18,"column":null}},"line":10},"2":{"name":"(anonymous_2)","decl":{"start":{"line":18,"column":11},"end":{"line":18,"column":28}},"loc":{"start":{"line":18,"column":28},"end":{"line":18,"column":44}},"line":18},"3":{"name":"(anonymous_3)","decl":{"start":{"line":35,"column":14},"end":{"line":35,"column":29}},"loc":{"start":{"line":35,"column":14},"end":{"line":35,"column":95}},"line":35},"4":{"name":"(anonymous_4)","decl":{"start":{"line":52,"column":35},"end":{"line":52,"column":40}},"loc":{"start":{"line":53,"column":14},"end":{"line":58,"column":null}},"line":53}},"branchMap":{"0":{"loc":{"start":{"line":11,"column":4},"end":{"line":12,"column":null}},"type":"if","locations":[{"start":{"line":11,"column":4},"end":{"line":12,"column":null}},{"start":{},"end":{}}],"line":11},"1":{"loc":{"start":{"line":46,"column":15},"end":{"line":47,"column":24}},"type":"cond-expr","locations":[{"start":{"line":46,"column":24},"end":{"line":46,"column":72}},{"start":{"line":46,"column":71},"end":{"line":47,"column":24}}],"line":46},"2":{"loc":{"start":{"line":47,"column":15},"end":{"line":47,"column":null}},"type":"cond-expr","locations":[{"start":{"line":47,"column":24},"end":{"line":47,"column":35}},{"start":{"line":47,"column":38},"end":{"line":47,"column":null}}],"line":47}},"s":{"0":3,"1":3,"2":3,"3":1,"4":0,"5":1,"6":1,"7":1,"8":1,"9":0,"10":3,"11":0,"12":9},"f":{"0":3,"1":1,"2":0,"3":0,"4":9},"b":{"0":[0,1],"1":[1,2],"2":[1,2]},"meta":{"lastBranch":3,"lastFunction":5,"lastStatement":13,"seen":{"f:6:16:6:26":0,"s:7:10:7:32":0,"s:8:17:8:45":1,"s:10:21:18:Infinity":2,"f:10:21:10:33":1,"b:11:4:12:Infinity:undefined:undefined:undefined:undefined":0,"s:11:4:12:Infinity":3,"s:12:6:12:Infinity":4,"s:15:4:15:Infinity":5,"s:16:4:16:Infinity":6,"s:17:4:17:Infinity":7,"s:18:4:18:Infinity":8,"f:18:11:18:28":2,"s:18:28:18:44":9,"s:21:2:63:Infinity":10,"f:35:14:35:29":3,"s:35:14:35:95":11,"b:46:24:46:72:46:71:47:24":1,"b:47:24:47:35:47:38:47:Infinity":2,"f:52:35:52:40":4,"s:53:14:58:Infinity":12}}}
,"/Users/mk/Dev_Env/hf-pl/src/components/Navigation.jsx": {"path":"/Users/mk/Dev_Env/hf-pl/src/components/Navigation.jsx","statementMap":{"0":{"start":{"line":7,"column":18},"end":{"line":7,"column":null}},"1":{"start":{"line":8,"column":20},"end":{"line":8,"column":null}},"2":{"start":{"line":10,"column":17},"end":{"line":16,"column":null}},"3":{"start":{"line":19,"column":13},"end":{"line":19,"column":38}},"4":{"start":{"line":20,"column":16},"end":{"line":20,"column":87}},"5":{"start":{"line":20,"column":43},"end":{"line":20,"column":87}},"6":{"start":{"line":21,"column":20},"end":{"line":21,"column":100}},"7":{"start":{"line":21,"column":51},"end":{"line":21,"column":99}},"8":{"start":{"line":23,"column":2},"end":{"line":26,"column":null}},"9":{"start":{"line":24,"column":4},"end":{"line":24,"column":null}},"10":{"start":{"line":25,"column":4},"end":{"line":25,"column":null}},"11":{"start":{"line":28,"column":8},"end":{"line":31,"column":null}},"12":{"start":{"line":29,"column":4},"end":{"line":29,"column":null}},"13":{"start":{"line":30,"column":4},"end":{"line":30,"column":null}},"14":{"start":{"line":31,"column":4},"end":{"line":31,"column":null}},"15":{"start":{"line":34,"column":8},"end":{"line":43,"column":null}},"16":{"start":{"line":35,"column":17},"end":{"line":35,"column":null}},"17":{"start":{"line":37,"column":6},"end":{"line":38,"column":null}},"18":{"start":{"line":39,"column":4},"end":{"line":39,"column":null}},"19":{"start":{"line":40,"column":4},"end":{"line":40,"column":null}},"20":{"start":{"line":41,"column":4},"end":{"line":41,"column":null}},"21":{"start":{"line":42,"column":4},"end":{"line":42,"column":null}},"22":{"start":{"line":43,"column":4},"end":{"line":43,"column":null}},"23":{"start":{"line":46,"column":8},"end":{"line":46,"column":57}},"24":{"start":{"line":46,"column":27},"end":{"line":46,"column":57}},"25":{"start":{"line":48,"column":20},"end":{"line":48,"column":null}},"26":{"start":{"line":50,"column":8},"end":{"line":55,"column":null}},"27":{"start":{"line":51,"column":4},"end":{"line":55,"column":null}},"28":{"start":{"line":52,"column":19},"end":{"line":52,"column":66}},"29":{"start":{"line":53,"column":6},"end":{"line":53,"column":null}},"30":{"start":{"line":54,"column":6},"end":{"line":54,"column":null}},"31":{"start":{"line":57,"column":8},"end":{"line":62,"column":null}},"32":{"start":{"line":58,"column":4},"end":{"line":62,"column":null}},"33":{"start":{"line":59,"column":19},"end":{"line":59,"column":66}},"34":{"start":{"line":60,"column":6},"end":{"line":60,"column":null}},"35":{"start":{"line":61,"column":6},"end":{"line":61,"column":null}},"36":{"start":{"line":64,"column":2},"end":{"line":160,"column":null}},"37":{"start":{"line":83,"column":14},"end":{"line":85,"column":null}},"38":{"start":{"line":93,"column":16},"end":{"line":105,"column":null}},"39":{"start":{"line":96,"column":33},"end":{"line":96,"column":53}},"40":{"start":{"line":151,"column":14},"end":{"line":151,"column":99}}},"fnMap":{"0":{"name":"Navigation","decl":{"start":{"line":18,"column":16},"end":{"line":18,"column":29}},"loc":{"start":{"line":18,"column":29},"end":{"line":160,"column":null}},"line":18},"1":{"name":"(anonymous_1)","decl":{"start":{"line":20,"column":28},"end":{"line":20,"column":43}},"loc":{"start":{"line":20,"column":43},"end":{"line":20,"column":87}},"line":20},"2":{"name":"(anonymous_2)","decl":{"start":{"line":21,"column":36},"end":{"line":21,"column":51}},"loc":{"start":{"line":21,"column":51},"end":{"line":21,"column":99}},"line":21},"3":{"name":"(anonymous_3)","decl":{"start":{"line":23,"column":2},"end":{"line":23,"column":18}},"loc":{"start":{"line":23,"column":18},"end":{"line":26,"column":6}},"line":23},"4":{"name":"(anonymous_4)","decl":{"start":{"line":28,"column":8},"end":{"line":28,"column":26}},"loc":{"start":{"line":28,"column":39},"end":{"line":31,"column":null}},"line":28},"5":{"name":"(anonymous_5)","decl":{"start":{"line":34,"column":8},"end":{"line":34,"column":22}},"loc":{"start":{"line":34,"column":31},"end":{"line":43,"column":null}},"line":34},"6":{"name":"(anonymous_6)","decl":{"start":{"line":46,"column":8},"end":{"line":46,"column":27}},"loc":{"start":{"line":46,"column":27},"end":{"line":46,"column":57}},"line":46},"7":{"name":"(anonymous_7)","decl":{"start":{"line":50,"column":8},"end":{"line":50,"column":null}},"loc":{"start":{"line":51,"column":4},"end":{"line":55,"column":null}},"line":51},"8":{"name":"(anonymous_8)","decl":{"start":{"line":51,"column":4},"end":{"line":51,"column":18}},"loc":{"start":{"line":51,"column":27},"end":{"line":55,"column":null}},"line":51},"9":{"name":"(anonymous_9)","decl":{"start":{"line":57,"column":8},"end":{"line":57,"column":null}},"loc":{"start":{"line":58,"column":4},"end":{"line":62,"column":null}},"line":58},"10":{"name":"(anonymous_10)","decl":{"start":{"line":58,"column":4},"end":{"line":58,"column":18}},"loc":{"start":{"line":58,"column":27},"end":{"line":62,"column":null}},"line":58},"11":{"name":"(anonymous_11)","decl":{"start":{"line":82,"column":22},"end":{"line":82,"column":27}},"loc":{"start":{"line":83,"column":14},"end":{"line":85,"column":null}},"line":83},"12":{"name":"(anonymous_12)","decl":{"start":{"line":92,"column":28},"end":{"line":92,"column":33}},"loc":{"start":{"line":93,"column":16},"end":{"line":105,"column":null}},"line":93},"13":{"name":"(anonymous_13)","decl":{"start":{"line":96,"column":18},"end":{"line":96,"column":33}},"loc":{"start":{"line":96,"column":33},"end":{"line":96,"column":53}},"line":96},"14":{"name":"(anonymous_14)","decl":{"start":{"line":151,"column":14},"end":{"line":151,"column":29}},"loc":{"start":{"line":151,"column":14},"end":{"line":151,"column":99}},"line":151}},"branchMap":{"0":{"loc":{"start":{"line":20,"column":43},"end":{"line":20,"column":87}},"type":"binary-expr","locations":[{"start":{"line":20,"column":43},"end":{"line":20,"column":74}},{"start":{"line":20,"column":78},"end":{"line":20,"column":87}}],"line":20},"1":{"loc":{"start":{"line":21,"column":58},"end":{"line":21,"column":99}},"type":"binary-expr","locations":[{"start":{"line":21,"column":58},"end":{"line":21,"column":91}},{"start":{"line":21,"column":95},"end":{"line":21,"column":99}}],"line":21},"2":{"loc":{"start":{"line":37,"column":6},"end":{"line":38,"column":null}},"type":"binary-expr","locations":[{"start":{"line":37,"column":6},"end":{"line":37,"column":null}},{"start":{"line":38,"column":7},"end":{"line":38,"column":28}},{"start":{"line":38,"column":28},"end":{"line":38,"column":null}}],"line":37},"3":{"loc":{"start":{"line":40,"column":29},"end":{"line":40,"column":null}},"type":"cond-expr","locations":[{"start":{"line":40,"column":38},"end":{"line":40,"column":47}},{"start":{"line":40,"column":47},"end":{"line":40,"column":null}}],"line":40},"4":{"loc":{"start":{"line":98,"column":20},"end":{"line":100,"column":null}},"type":"cond-expr","locations":[{"start":{"line":99,"column":24},"end":{"line":99,"column":null}},{"start":{"line":100,"column":24},"end":{"line":100,"column":null}}],"line":98},"5":{"loc":{"start":{"line":139,"column":17},"end":{"line":139,"column":null}},"type":"binary-expr","locations":[{"start":{"line":139,"column":17},"end":{"line":139,"column":37}},{"start":{"line":139,"column":37},"end":{"line":139,"column":null}}],"line":139},"6":{"loc":{"start":{"line":140,"column":17},"end":{"line":140,"column":null}},"type":"binary-expr","locations":[{"start":{"line":140,"column":17},"end":{"line":140,"column":38}},{"start":{"line":140,"column":38},"end":{"line":140,"column":null}}],"line":140},"7":{"loc":{"start":{"line":141,"column":17},"end":{"line":141,"column":null}},"type":"binary-expr","locations":[{"start":{"line":141,"column":17},"end":{"line":141,"column":39}},{"start":{"line":141,"column":39},"end":{"line":141,"column":null}}],"line":141}},"s":{"0":1,"1":1,"2":1,"3":5,"4":5,"5":3,"6":5,"7":3,"8":5,"9":4,"10":4,"11":5,"12":1,"13":1,"14":1,"15":5,"16":1,"17":1,"18":1,"19":1,"20":1,"21":1,"22":1,"23":5,"24":1,"25":5,"26":5,"27":1,"28":1,"29":1,"30":1,"31":5,"32":0,"33":0,"34":0,"35":0,"36":5,"37":25,"38":10,"39":1,"40":0},"f":{"0":5,"1":3,"2":3,"3":4,"4":1,"5":1,"6":1,"7":1,"8":1,"9":0,"10":0,"11":25,"12":10,"13":1,"14":0},"b":{"0":[3,0],"1":[3,0],"2":[1,0,0],"3":[1,0],"4":[5,5],"5":[5,1],"6":[5,4],"7":[5,0]},"meta":{"lastBranch":8,"lastFunction":15,"lastStatement":41,"seen":{"s:7:18:7:Infinity":0,"s:8:20:8:Infinity":1,"s:10:17:16:Infinity":2,"f:18:16:18:29":0,"s:19:13:19:38":3,"s:20:16:20:87":4,"f:20:28:20:43":1,"s:20:43:20:87":5,"b:20:43:20:74:20:78:20:87":0,"s:21:20:21:100":6,"f:21:36:21:51":2,"s:21:51:21:99":7,"b:21:58:21:91:21:95:21:99":1,"s:23:2:26:Infinity":8,"f:23:2:23:18":3,"s:24:4:24:Infinity":9,"s:25:4:25:Infinity":10,"s:28:8:31:Infinity":11,"f:28:8:28:26":4,"s:29:4:29:Infinity":12,"s:30:4:30:Infinity":13,"s:31:4:31:Infinity":14,"s:34:8:43:Infinity":15,"f:34:8:34:22":5,"s:35:17:35:Infinity":16,"s:37:6:38:Infinity":17,"b:37:6:37:Infinity:38:7:38:28:38:28:38:Infinity":2,"s:39:4:39:Infinity":18,"s:40:4:40:Infinity":19,"b:40:38:40:47:40:47:40:Infinity":3,"s:41:4:41:Infinity":20,"s:42:4:42:Infinity":21,"s:43:4:43:Infinity":22,"s:46:8:46:57":23,"f:46:8:46:27":6,"s:46:27:46:57":24,"s:48:20:48:Infinity":25,"s:50:8:55:Infinity":26,"f:50:8:50:Infinity":7,"s:51:4:55:Infinity":27,"f:51:4:51:18":8,"s:52:19:52:66":28,"s:53:6:53:Infinity":29,"s:54:6:54:Infinity":30,"s:57:8:62:Infinity":31,"f:57:8:57:Infinity":9,"s:58:4:62:Infinity":32,"f:58:4:58:18":10,"s:59:19:59:66":33,"s:60:6:60:Infinity":34,"s:61:6:61:Infinity":35,"s:64:2:160:Infinity":36,"f:82:22:82:27":11,"s:83:14:85:Infinity":37,"f:92:28:92:33":12,"s:93:16:105:Infinity":38,"f:96:18:96:33":13,"s:96:33:96:53":39,"b:99:24:99:Infinity:100:24:100:Infinity":4,"b:139:17:139:37:139:37:139:Infinity":5,"b:140:17:140:38:140:38:140:Infinity":6,"b:141:17:141:39:141:39:141:Infinity":7,"f:151:14:151:29":14,"s:151:14:151:99":40}}}
,"/Users/mk/Dev_Env/hf-pl/src/components/SEO.jsx": {"path":"/Users/mk/Dev_Env/hf-pl/src/components/SEO.jsx","statementMap":{"0":{"start":{"line":5,"column":13},"end":{"line":5,"column":38}},"1":{"start":{"line":6,"column":15},"end":{"line":6,"column":null}},"2":{"start":{"line":7,"column":18},"end":{"line":7,"column":null}},"3":{"start":{"line":8,"column":21},"end":{"line":8,"column":null}},"4":{"start":{"line":9,"column":16},"end":{"line":9,"column":30}},"5":{"start":{"line":10,"column":22},"end":{"line":10,"column":35}},"6":{"start":{"line":11,"column":19},"end":{"line":11,"column":36}},"7":{"start":{"line":12,"column":16},"end":{"line":12,"column":null}},"8":{"start":{"line":14,"column":2},"end":{"line":99,"column":null}},"9":{"start":{"line":90,"column":48},"end":{"line":97,"column":null}}},"fnMap":{"0":{"name":"SEO","decl":{"start":{"line":4,"column":16},"end":{"line":4,"column":22}},"loc":{"start":{"line":4,"column":22},"end":{"line":99,"column":null}},"line":4},"1":{"name":"(anonymous_1)","decl":{"start":{"line":90,"column":32},"end":{"line":90,"column":37}},"loc":{"start":{"line":90,"column":48},"end":{"line":97,"column":null}},"line":90}},"branchMap":{"0":{"loc":{"start":{"line":6,"column":15},"end":{"line":6,"column":null}},"type":"binary-expr","locations":[{"start":{"line":6,"column":15},"end":{"line":6,"column":32}},{"start":{"line":6,"column":32},"end":{"line":6,"column":null}}],"line":6},"1":{"loc":{"start":{"line":8,"column":21},"end":{"line":8,"column":null}},"type":"cond-expr","locations":[{"start":{"line":8,"column":37},"end":{"line":8,"column":56}},{"start":{"line":8,"column":56},"end":{"line":8,"column":null}}],"line":8},"2":{"loc":{"start":{"line":30,"column":42},"end":{"line":30,"column":79}},"type":"cond-expr","locations":[{"start":{"line":30,"column":58},"end":{"line":30,"column":68}},{"start":{"line":30,"column":68},"end":{"line":30,"column":79}}],"line":30},"3":{"loc":{"start":{"line":64,"column":27},"end":{"line":64,"column":null}},"type":"cond-expr","locations":[{"start":{"line":64,"column":43},"end":{"line":64,"column":51}},{"start":{"line":64,"column":51},"end":{"line":64,"column":null}}],"line":64},"4":{"loc":{"start":{"line":65,"column":22},"end":{"line":65,"column":null}},"type":"cond-expr","locations":[{"start":{"line":65,"column":38},"end":{"line":65,"column":48}},{"start":{"line":65,"column":48},"end":{"line":65,"column":null}}],"line":65},"5":{"loc":{"start":{"line":66,"column":23},"end":{"line":66,"column":null}},"type":"cond-expr","locations":[{"start":{"line":66,"column":39},"end":{"line":66,"column":49}},{"start":{"line":66,"column":49},"end":{"line":66,"column":null}}],"line":66}},"s":{"0":2,"1":2,"2":2,"3":2,"4":2,"5":2,"6":2,"7":2,"8":2,"9":6},"f":{"0":2,"1":6},"b":{"0":[2,0],"1":[2,0],"2":[0,2],"3":[0,2],"4":[0,2],"5":[0,2]},"meta":{"lastBranch":6,"lastFunction":2,"lastStatement":10,"seen":{"f:4:16:4:22":0,"s:5:13:5:38":0,"s:6:15:6:Infinity":1,"b:6:15:6:32:6:32:6:Infinity":0,"s:7:18:7:Infinity":2,"s:8:21:8:Infinity":3,"b:8:37:8:56:8:56:8:Infinity":1,"s:9:16:9:30":4,"s:10:22:10:35":5,"s:11:19:11:36":6,"s:12:16:12:Infinity":7,"s:14:2:99:Infinity":8,"b:30:58:30:68:30:68:30:79":2,"b:64:43:64:51:64:51:64:Infinity":3,"b:65:38:65:48:65:48:65:Infinity":4,"b:66:39:66:49:66:49:66:Infinity":5,"f:90:32:90:37":1,"s:90:48:97:Infinity":9}}}
}
