{"/Users/mk/Dev_Env/hf-pl/src/components/Hero.jsx": {"path":"/Users/mk/Dev_Env/hf-pl/src/components/Hero.jsx","statementMap":{"0":{"start":{"line":5,"column":23},"end":{"line":9,"column":null}},"1":{"start":{"line":12,"column":10},"end":{"line":12,"column":32}},"2":{"start":{"line":13,"column":21},"end":{"line":17,"column":null}},"3":{"start":{"line":19,"column":2},"end":{"line":87,"column":null}},"4":{"start":{"line":53,"column":14},"end":{"line":56,"column":null}},"5":{"start":{"line":79,"column":18},"end":{"line":82,"column":null}}},"fnMap":{"0":{"name":"Hero","decl":{"start":{"line":11,"column":16},"end":{"line":11,"column":23}},"loc":{"start":{"line":11,"column":23},"end":{"line":87,"column":null}},"line":11},"1":{"name":"(anonymous_1)","decl":{"start":{"line":52,"column":24},"end":{"line":52,"column":29}},"loc":{"start":{"line":53,"column":14},"end":{"line":56,"column":null}},"line":53},"2":{"name":"(anonymous_2)","decl":{"start":{"line":78,"column":32},"end":{"line":78,"column":37}},"loc":{"start":{"line":79,"column":18},"end":{"line":82,"column":null}},"line":79}},"branchMap":{},"s":{"0":1,"1":1,"2":1,"3":1,"4":3,"5":3},"f":{"0":1,"1":3,"2":3},"b":{},"meta":{"lastBranch":0,"lastFunction":3,"lastStatement":6,"seen":{"s:5:23:9:Infinity":0,"f:11:16:11:23":0,"s:12:10:12:32":1,"s:13:21:17:Infinity":2,"s:19:2:87:Infinity":3,"f:52:24:52:29":1,"s:53:14:56:Infinity":4,"f:78:32:78:37":2,"s:79:18:82:Infinity":5}}}
,"/Users/mk/Dev_Env/hf-pl/src/components/SEO.jsx": {"path":"/Users/mk/Dev_Env/hf-pl/src/components/SEO.jsx","statementMap":{"0":{"start":{"line":5,"column":13},"end":{"line":5,"column":38}},"1":{"start":{"line":6,"column":15},"end":{"line":6,"column":null}},"2":{"start":{"line":7,"column":18},"end":{"line":7,"column":null}},"3":{"start":{"line":8,"column":21},"end":{"line":8,"column":null}},"4":{"start":{"line":9,"column":16},"end":{"line":9,"column":30}},"5":{"start":{"line":10,"column":22},"end":{"line":10,"column":35}},"6":{"start":{"line":11,"column":19},"end":{"line":11,"column":36}},"7":{"start":{"line":12,"column":16},"end":{"line":12,"column":null}},"8":{"start":{"line":14,"column":2},"end":{"line":84,"column":null}},"9":{"start":{"line":75,"column":48},"end":{"line":82,"column":null}}},"fnMap":{"0":{"name":"SEO","decl":{"start":{"line":4,"column":16},"end":{"line":4,"column":22}},"loc":{"start":{"line":4,"column":22},"end":{"line":84,"column":null}},"line":4},"1":{"name":"(anonymous_1)","decl":{"start":{"line":75,"column":32},"end":{"line":75,"column":37}},"loc":{"start":{"line":75,"column":48},"end":{"line":82,"column":null}},"line":75}},"branchMap":{"0":{"loc":{"start":{"line":6,"column":15},"end":{"line":6,"column":null}},"type":"binary-expr","locations":[{"start":{"line":6,"column":15},"end":{"line":6,"column":32}},{"start":{"line":6,"column":32},"end":{"line":6,"column":null}}],"line":6},"1":{"loc":{"start":{"line":8,"column":21},"end":{"line":8,"column":null}},"type":"cond-expr","locations":[{"start":{"line":8,"column":37},"end":{"line":8,"column":61}},{"start":{"line":8,"column":61},"end":{"line":8,"column":null}}],"line":8},"2":{"loc":{"start":{"line":30,"column":42},"end":{"line":30,"column":79}},"type":"cond-expr","locations":[{"start":{"line":30,"column":58},"end":{"line":30,"column":68}},{"start":{"line":30,"column":68},"end":{"line":30,"column":79}}],"line":30},"3":{"loc":{"start":{"line":64,"column":27},"end":{"line":64,"column":null}},"type":"cond-expr","locations":[{"start":{"line":64,"column":43},"end":{"line":64,"column":51}},{"start":{"line":64,"column":51},"end":{"line":64,"column":null}}],"line":64},"4":{"loc":{"start":{"line":65,"column":22},"end":{"line":65,"column":null}},"type":"cond-expr","locations":[{"start":{"line":65,"column":38},"end":{"line":65,"column":48}},{"start":{"line":65,"column":48},"end":{"line":65,"column":null}}],"line":65},"5":{"loc":{"start":{"line":66,"column":23},"end":{"line":66,"column":null}},"type":"cond-expr","locations":[{"start":{"line":66,"column":39},"end":{"line":66,"column":49}},{"start":{"line":66,"column":49},"end":{"line":66,"column":null}}],"line":66}},"s":{"0":2,"1":2,"2":2,"3":2,"4":2,"5":2,"6":2,"7":2,"8":2,"9":6},"f":{"0":2,"1":6},"b":{"0":[2,0],"1":[0,2],"2":[2,0],"3":[2,0],"4":[2,0],"5":[2,0]},"meta":{"lastBranch":6,"lastFunction":2,"lastStatement":10,"seen":{"f:4:16:4:22":0,"s:5:13:5:38":0,"s:6:15:6:Infinity":1,"b:6:15:6:32:6:32:6:Infinity":0,"s:7:18:7:Infinity":2,"s:8:21:8:Infinity":3,"b:8:37:8:61:8:61:8:Infinity":1,"s:9:16:9:30":4,"s:10:22:10:35":5,"s:11:19:11:36":6,"s:12:16:12:Infinity":7,"s:14:2:84:Infinity":8,"b:30:58:30:68:30:68:30:79":2,"b:64:43:64:51:64:51:64:Infinity":3,"b:65:38:65:48:65:48:65:Infinity":4,"b:66:39:66:49:66:49:66:Infinity":5,"f:75:32:75:37":1,"s:75:48:82:Infinity":9}}}
}
